2018-08-20T16:13:08+00:00 - MERGED:
 - fullcalendar-locale-all - https://dailyconf.com/wp-content/themes/eventchamp/include/assets/js/locale-all.js
 - waypoints - https://dailyconf.com/wp-content/plugins/js_composer/assets/lib/waypoints/waypoints.min.js
 - scrollbar - https://dailyconf.com/wp-content/themes/eventchamp/include/assets/js/scrollbar.min.js
 - counterup - https://dailyconf.com/wp-content/themes/eventchamp/include/assets/js/counterup.min.js
 - flexmenu - https://dailyconf.com/wp-content/themes/eventchamp/include/assets/js/flexmenu.min.js
 - plyr-io - https://dailyconf.com/wp-content/themes/eventchamp/include/assets/js/plyr.min.js
 - countdown - https://dailyconf.com/wp-content/themes/eventchamp/include/assets/js/countdown.min.js
 - swiper - https://dailyconf.com/wp-content/themes/eventchamp/include/assets/js/swiper.min.js
 - classie - https://dailyconf.com/wp-content/themes/eventchamp/include/assets/js/classie.min.js
 - selectfx - https://dailyconf.com/wp-content/themes/eventchamp/include/assets/js/selectfx.js
 - eventchamp - https://dailyconf.com/wp-content/themes/eventchamp/include/assets/js/eventchamp.js
 - ajax-login-register-script - https://dailyconf.com/wp-content/themes/eventchamp/include/assets/js/user-box.js
 - mailchimp-top-bar - https://dailyconf.com/wp-content/plugins/mailchimp-top-bar/assets/js/script.min.js - unminified version used
 - wp-embed - /wp-includes/js/wp-embed.min.js - unminified version used
 - wpb_composer_front_js - https://dailyconf.com/wp-content/plugins/js_composer/assets/js/dist/js_composer_front.min.js
 - mdf_posts_messeger_js - https://dailyconf.com/wp-content/plugins/wp-meta-data-filter-and-taxonomy-filter/ext/mdf_posts_messenger//js/posts_messenger.js
2018-08-20T16:13:10+00:00 - COMPRESSING WITH MINIFY (PHP exec not available or java not found)
2018-08-20T16:13:13+00:00 - GZIPPED - /var/www/u0480146/data/www/dailyconf.com/wp-content/mmr/0d99590f-1534410143.min.js.gz
2018-08-20T16:13:13+00:00 - COMPRESSION COMPLETE - 96.25K saved
