2018-08-31T23:10:03+00:00 - MERGED:
 - contact-form-7 - http://dailyconf.com/wp-content/plugins/contact-form-7/includes/js/scripts.js
 - sb_instagram_scripts - http://dailyconf.com/wp-content/plugins/instagram-feed/js/sb-instagram.min.js - unminified version used
 - wc-add-to-cart - http://dailyconf.com/wp-content/plugins/woocommerce/assets/js/frontend/add-to-cart.min.js - unminified version used
 - jquery-blockui - http://dailyconf.com/wp-content/plugins/woocommerce/assets/js/jquery-blockui/jquery.blockUI.min.js - unminified version used
 - js-cookie - http://dailyconf.com/wp-content/plugins/woocommerce/assets/js/js-cookie/js.cookie.min.js - unminified version used
 - woocommerce - http://dailyconf.com/wp-content/plugins/woocommerce/assets/js/frontend/woocommerce.min.js - unminified version used
 - wc-cart-fragments - http://dailyconf.com/wp-content/plugins/woocommerce/assets/js/frontend/cart-fragments.min.js - unminified version used
 - bootstrap - http://dailyconf.com/wp-content/themes/eventchamp/include/assets/js/bootstrap.min.js
 - prettyphoto - http://dailyconf.com/wp-content/plugins/js_composer/assets/lib/prettyphoto/js/jquery.prettyPhoto.min.js
 - jquery-ui-datepicker - /wp-includes/js/jquery/ui/datepicker.min.js
 - eventchamp-fixed-sidebar - http://dailyconf.com/wp-content/themes/eventchamp/include/assets/js/fixed-sidebar.js
 - eventchamp-fixed-header - http://dailyconf.com/wp-content/themes/eventchamp/include/assets/js/fixed-header.js
 - moment - http://dailyconf.com/wp-content/themes/eventchamp/include/assets/js/moment.min.js
 - fullcalendar - http://dailyconf.com/wp-content/themes/eventchamp/include/assets/js/fullcalendar.min.js
 - fullcalendar-locale-all - http://dailyconf.com/wp-content/themes/eventchamp/include/assets/js/locale-all.js
 - waypoints - http://dailyconf.com/wp-content/plugins/js_composer/assets/lib/waypoints/waypoints.min.js
 - scrollbar - http://dailyconf.com/wp-content/themes/eventchamp/include/assets/js/scrollbar.min.js
 - counterup - http://dailyconf.com/wp-content/themes/eventchamp/include/assets/js/counterup.min.js
 - flexmenu - http://dailyconf.com/wp-content/themes/eventchamp/include/assets/js/flexmenu.min.js
 - plyr-io - http://dailyconf.com/wp-content/themes/eventchamp/include/assets/js/plyr.min.js
 - countdown - http://dailyconf.com/wp-content/themes/eventchamp/include/assets/js/countdown.min.js
 - swiper - http://dailyconf.com/wp-content/themes/eventchamp/include/assets/js/swiper.min.js
 - classie - http://dailyconf.com/wp-content/themes/eventchamp/include/assets/js/classie.min.js
 - selectfx - http://dailyconf.com/wp-content/themes/eventchamp/include/assets/js/selectfx.js
 - eventchamp - http://dailyconf.com/wp-content/themes/eventchamp/include/assets/js/eventchamp.js
 - ajax-login-register-script - http://dailyconf.com/wp-content/themes/eventchamp/include/assets/js/user-box.js
 - mailchimp-top-bar - http://dailyconf.com/wp-content/plugins/mailchimp-top-bar/assets/js/script.min.js - unminified version used
 - wp-embed - /wp-includes/js/wp-embed.min.js - unminified version used
 - wpb_composer_front_js - http://dailyconf.com/wp-content/plugins/js_composer/assets/js/dist/js_composer_front.min.js
 - mdf_posts_messeger_js - http://dailyconf.com/wp-content/plugins/wp-meta-data-filter-and-taxonomy-filter/ext/mdf_posts_messenger//js/posts_messenger.js
2018-09-01T00:23:01+00:00 - COMPRESSING WITH MINIFY (PHP exec not available or java not found)
2018-09-01T00:23:04+00:00 - GZIPPED - /var/www/u0480146/data/www/dailyconf.com/wp-content/mmr/2ba4aac5-1534535177.min.js.gz
2018-09-01T00:23:04+00:00 - COMPRESSION COMPLETE - 273.56K saved
