2018-08-24T10:20:22+00:00 - MERGED:
 - fullcalendar-locale-all - http://dailyconf.cf/wp-content/themes/eventchamp/include/assets/js/locale-all.js
 - waypoints - http://dailyconf.cf/wp-content/plugins/js_composer/assets/lib/waypoints/waypoints.min.js
 - scrollbar - http://dailyconf.cf/wp-content/themes/eventchamp/include/assets/js/scrollbar.min.js
 - counterup - http://dailyconf.cf/wp-content/themes/eventchamp/include/assets/js/counterup.min.js
 - flexmenu - http://dailyconf.cf/wp-content/themes/eventchamp/include/assets/js/flexmenu.min.js
 - plyr-io - http://dailyconf.cf/wp-content/themes/eventchamp/include/assets/js/plyr.min.js
 - countdown - http://dailyconf.cf/wp-content/themes/eventchamp/include/assets/js/countdown.min.js
 - swiper - http://dailyconf.cf/wp-content/themes/eventchamp/include/assets/js/swiper.min.js
 - classie - http://dailyconf.cf/wp-content/themes/eventchamp/include/assets/js/classie.min.js
 - selectfx - http://dailyconf.cf/wp-content/themes/eventchamp/include/assets/js/selectfx.js
 - eventchamp - http://dailyconf.cf/wp-content/themes/eventchamp/include/assets/js/eventchamp.js
 - ajax-login-register-script - http://dailyconf.cf/wp-content/themes/eventchamp/include/assets/js/user-box.js
 - wpfc-toolbar - http://dailyconf.cf/wp-content/plugins/wp-fastest-cache/js/toolbar.js
 - mailchimp-top-bar - http://dailyconf.cf/wp-content/plugins/mailchimp-top-bar/assets/js/script.min.js - unminified version used
 - wp-embed - /wp-includes/js/wp-embed.min.js - unminified version used
 - wpb_composer_front_js - http://dailyconf.cf/wp-content/plugins/js_composer/assets/js/dist/js_composer_front.min.js
 - mdf_posts_messeger_js - http://dailyconf.cf/wp-content/plugins/wp-meta-data-filter-and-taxonomy-filter/ext/mdf_posts_messenger//js/posts_messenger.js
2018-08-24T10:20:24+00:00 - COMPRESSING WITH MINIFY (PHP exec not available or java not found)
2018-08-24T10:20:27+00:00 - GZIPPED - /var/www/u0480146/data/www/dailyconf.com/wp-content/mmr/55375ddf-1535101331.min.js.gz
2018-08-24T10:20:27+00:00 - COMPRESSION COMPLETE - 96.73K saved
