2018-08-21T07:29:07+00:00 - MERGED:
 - wc-jquery-ui-touchpunch - https://dailyconf.com/wp-content/plugins/woocommerce/assets/js/jquery-ui-touch-punch/jquery-ui-touch-punch.min.js - unminified version used
 - wc-price-slider - https://dailyconf.com/wp-content/plugins/woocommerce/assets/js/frontend/price-slider.min.js - unminified version used
 - customize-preview-additional-javascript - https://dailyconf.com/wp-content/plugins/catch-web-tools/admin/inc/js/additional-javascript-preview.js
 - cwt_to_top_customizer_custom_script - https://dailyconf.com/wp-content/plugins/catch-web-tools/to-top/admin/js/catchwebtools-to-top-customizer-scripts.js
 - contact-form-7 - https://dailyconf.com/wp-content/plugins/contact-form-7/includes/js/scripts.js
 - sb_instagram_scripts - https://dailyconf.com/wp-content/plugins/instagram-feed/js/sb-instagram.min.js - unminified version used
 - wc-add-to-cart - https://dailyconf.com/wp-content/plugins/woocommerce/assets/js/frontend/add-to-cart.min.js - unminified version used
 - jquery-blockui - https://dailyconf.com/wp-content/plugins/woocommerce/assets/js/jquery-blockui/jquery.blockUI.min.js - unminified version used
 - js-cookie - https://dailyconf.com/wp-content/plugins/woocommerce/assets/js/js-cookie/js.cookie.min.js - unminified version used
 - woocommerce - https://dailyconf.com/wp-content/plugins/woocommerce/assets/js/frontend/woocommerce.min.js - unminified version used
 - wc-cart-fragments - https://dailyconf.com/wp-content/plugins/woocommerce/assets/js/frontend/cart-fragments.min.js - unminified version used
 - bootstrap - https://dailyconf.com/wp-content/themes/eventchamp/include/assets/js/bootstrap.min.js
 - prettyphoto - https://dailyconf.com/wp-content/plugins/js_composer/assets/lib/prettyphoto/js/jquery.prettyPhoto.min.js
 - jquery-ui-datepicker - /wp-includes/js/jquery/ui/datepicker.min.js
 - eventchamp-fixed-sidebar - https://dailyconf.com/wp-content/themes/eventchamp/include/assets/js/fixed-sidebar.js
 - eventchamp-fixed-header - https://dailyconf.com/wp-content/themes/eventchamp/include/assets/js/fixed-header.js
 - moment - https://dailyconf.com/wp-content/themes/eventchamp/include/assets/js/moment.min.js
2018-08-21T07:29:35+00:00 - COMPRESSING WITH MINIFY (PHP exec not available or java not found)
2018-08-21T07:29:36+00:00 - GZIPPED - /var/www/u0480146/data/www/dailyconf.com/wp-content/mmr/a95f8245-1534535177.min.js.gz
2018-08-21T07:29:36+00:00 - COMPRESSION COMPLETE - 74.93K saved
