2018-08-20T16:24:14+00:00 - MERGED:
 - fullcalendar-locale-all - http://dailyconf.cf/wp-content/themes/eventchamp/include/assets/js/locale-all.js
 - waypoints - http://dailyconf.cf/wp-content/plugins/js_composer/assets/lib/waypoints/waypoints.min.js
 - scrollbar - http://dailyconf.cf/wp-content/themes/eventchamp/include/assets/js/scrollbar.min.js
 - counterup - http://dailyconf.cf/wp-content/themes/eventchamp/include/assets/js/counterup.min.js
 - flexmenu - http://dailyconf.cf/wp-content/themes/eventchamp/include/assets/js/flexmenu.min.js
 - plyr-io - http://dailyconf.cf/wp-content/themes/eventchamp/include/assets/js/plyr.min.js
 - countdown - http://dailyconf.cf/wp-content/themes/eventchamp/include/assets/js/countdown.min.js
 - swiper - http://dailyconf.cf/wp-content/themes/eventchamp/include/assets/js/swiper.min.js
 - classie - http://dailyconf.cf/wp-content/themes/eventchamp/include/assets/js/classie.min.js
 - selectfx - http://dailyconf.cf/wp-content/themes/eventchamp/include/assets/js/selectfx.js
 - eventchamp - http://dailyconf.cf/wp-content/themes/eventchamp/include/assets/js/eventchamp.js
 - ajax-login-register-script - http://dailyconf.cf/wp-content/themes/eventchamp/include/assets/js/user-box.js
 - mailchimp-top-bar - http://dailyconf.cf/wp-content/plugins/mailchimp-top-bar/assets/js/script.min.js - unminified version used
 - wp-embed - /wp-includes/js/wp-embed.min.js - unminified version used
 - wpb_composer_front_js - http://dailyconf.cf/wp-content/plugins/js_composer/assets/js/dist/js_composer_front.min.js
 - tooltipster - http://dailyconf.cf/wp-content/plugins/wp-meta-data-filter-and-taxonomy-filter/js/tooltipster/js/jquery.tooltipster.min.js - unminified version used
 - mousewheel - http://dailyconf.cf/wp-content/plugins/wp-meta-data-filter-and-taxonomy-filter/js/malihu-custom-scrollbar/jquery.mousewheel.min.js
 - malihu-custom-scrollbar - http://dailyconf.cf/wp-content/plugins/wp-meta-data-filter-and-taxonomy-filter/js/malihu-custom-scrollbar/jquery.mCustomScrollbar.min.js
 - malihu-custom-scrollbar-concat - http://dailyconf.cf/wp-content/plugins/wp-meta-data-filter-and-taxonomy-filter/js/malihu-custom-scrollbar/jquery.mCustomScrollbar.concat.min.js
 - ion.range-slider - http://dailyconf.cf/wp-content/plugins/wp-meta-data-filter-and-taxonomy-filter/js/ion.range-slider/ion.rangeSlider.min.js - unminified version used
 - chosen-drop-down - http://dailyconf.cf/wp-content/plugins/wp-meta-data-filter-and-taxonomy-filter/js/chosen/chosen.jquery.min.js - unminified version used
 - icheck-jquery - http://dailyconf.cf/wp-content/plugins/wp-meta-data-filter-and-taxonomy-filter/js/icheck/icheck.min.js - unminified version used
 - mdf_posts_messeger_js - http://dailyconf.cf/wp-content/plugins/wp-meta-data-filter-and-taxonomy-filter/ext/mdf_posts_messenger//js/posts_messenger.js
2018-08-20T16:24:17+00:00 - COMPRESSING WITH MINIFY (PHP exec not available or java not found)
2018-08-20T16:24:23+00:00 - GZIPPED - /var/www/u0480146/data/www/dailyconf.com/wp-content/mmr/a9b588d9-1534410143.min.js.gz
2018-08-20T16:24:23+00:00 - COMPRESSION COMPLETE - 160.07K saved
