2018-09-18T09:04:52+00:00 CRITICAL Uncaught Error: Call to undefined function Cloudinary\curl_init() in /var/www/dailyconf.com/public_html/wp-content/plugins/cloudinary-image-management-and-manipulation-in-the-cloud-cdn/lib/Uploader.php:346
Stack trace:
#0 /var/www/dailyconf.com/public_html/wp-content/plugins/cloudinary-image-management-and-manipulation-in-the-cloud-cdn/lib/Uploader.php(91): Cloudinary\Uploader::call_api('upload', Array, Array, '/var/www/dailyc...')
#1 /var/www/dailyconf.com/public_html/wp-content/plugins/cloudinary-image-management-and-manipulation-in-the-cloud-cdn/cloudinary.php(633): Cloudinary\Uploader::upload('/var/www/dailyc...', Array)
#2 /var/www/dailyconf.com/public_html/wp-content/plugins/cloudinary-image-management-and-manipulation-in-the-cloud-cdn/cloudinary.php(673): CloudinaryPlugin->upload_to_cloudinary('3497', true)
#3 /var/www/dailyconf.com/public_html/wp-includes/class-wp-hook.php(286): CloudinaryPlugin->media_lib_upload_action('')
#4 /var/www/dailyconf.com/public_html/wp-includes/class-wp-hook.php(310): WP_H

2018-09-18T09:04:54+00:00 CRITICAL Uncaught Error: Call to undefined function Cloudinary\curl_init() in /var/www/dailyconf.com/public_html/wp-content/plugins/cloudinary-image-management-and-manipulation-in-the-cloud-cdn/lib/Uploader.php:346
Stack trace:
#0 /var/www/dailyconf.com/public_html/wp-content/plugins/cloudinary-image-management-and-manipulation-in-the-cloud-cdn/lib/Uploader.php(91): Cloudinary\Uploader::call_api('upload', Array, Array, '/var/www/dailyc...')
#1 /var/www/dailyconf.com/public_html/wp-content/plugins/cloudinary-image-management-and-manipulation-in-the-cloud-cdn/cloudinary.php(633): Cloudinary\Uploader::upload('/var/www/dailyc...', Array)
#2 /var/www/dailyconf.com/public_html/wp-content/plugins/cloudinary-image-management-and-manipulation-in-the-cloud-cdn/cloudinary.php(673): CloudinaryPlugin->upload_to_cloudinary('3497', true)
#3 /var/www/dailyconf.com/public_html/wp-includes/class-wp-hook.php(286): CloudinaryPlugin->media_lib_upload_action('')
#4 /var/www/dailyconf.com/public_html/wp-includes/class-wp-hook.php(310): WP_H

2018-09-18T09:04:56+00:00 CRITICAL Uncaught Error: Call to undefined function Cloudinary\curl_init() in /var/www/dailyconf.com/public_html/wp-content/plugins/cloudinary-image-management-and-manipulation-in-the-cloud-cdn/lib/Uploader.php:346
Stack trace:
#0 /var/www/dailyconf.com/public_html/wp-content/plugins/cloudinary-image-management-and-manipulation-in-the-cloud-cdn/lib/Uploader.php(91): Cloudinary\Uploader::call_api('upload', Array, Array, '/var/www/dailyc...')
#1 /var/www/dailyconf.com/public_html/wp-content/plugins/cloudinary-image-management-and-manipulation-in-the-cloud-cdn/cloudinary.php(633): Cloudinary\Uploader::upload('/var/www/dailyc...', Array)
#2 /var/www/dailyconf.com/public_html/wp-content/plugins/cloudinary-image-management-and-manipulation-in-the-cloud-cdn/cloudinary.php(673): CloudinaryPlugin->upload_to_cloudinary('3497', true)
#3 /var/www/dailyconf.com/public_html/wp-includes/class-wp-hook.php(286): CloudinaryPlugin->media_lib_upload_action('')
#4 /var/www/dailyconf.com/public_html/wp-includes/class-wp-hook.php(310): WP_H

2018-09-18T09:05:11+00:00 CRITICAL Uncaught Error: Call to undefined function Cloudinary\curl_init() in /var/www/dailyconf.com/public_html/wp-content/plugins/cloudinary-image-management-and-manipulation-in-the-cloud-cdn/lib/Uploader.php:346
Stack trace:
#0 /var/www/dailyconf.com/public_html/wp-content/plugins/cloudinary-image-management-and-manipulation-in-the-cloud-cdn/lib/Uploader.php(91): Cloudinary\Uploader::call_api('upload', Array, Array, '/var/www/dailyc...')
#1 /var/www/dailyconf.com/public_html/wp-content/plugins/cloudinary-image-management-and-manipulation-in-the-cloud-cdn/cloudinary.php(633): Cloudinary\Uploader::upload('/var/www/dailyc...', Array)
#2 /var/www/dailyconf.com/public_html/wp-content/plugins/cloudinary-image-management-and-manipulation-in-the-cloud-cdn/cloudinary.php(673): CloudinaryPlugin->upload_to_cloudinary('3497', true)
#3 /var/www/dailyconf.com/public_html/wp-includes/class-wp-hook.php(286): CloudinaryPlugin->media_lib_upload_action('')
#4 /var/www/dailyconf.com/public_html/wp-includes/class-wp-hook.php(310): WP_H

2018-09-18T09:06:31+00:00 CRITICAL Uncaught Error: Call to undefined function Cloudinary\curl_init() in /var/www/dailyconf.com/public_html/wp-content/plugins/cloudinary-image-management-and-manipulation-in-the-cloud-cdn/lib/Uploader.php:346
Stack trace:
#0 /var/www/dailyconf.com/public_html/wp-content/plugins/cloudinary-image-management-and-manipulation-in-the-cloud-cdn/lib/Uploader.php(91): Cloudinary\Uploader::call_api('upload', Array, Array, '/var/www/dailyc...')
#1 /var/www/dailyconf.com/public_html/wp-content/plugins/cloudinary-image-management-and-manipulation-in-the-cloud-cdn/cloudinary.php(633): Cloudinary\Uploader::upload('/var/www/dailyc...', Array)
#2 /var/www/dailyconf.com/public_html/wp-content/plugins/cloudinary-image-management-and-manipulation-in-the-cloud-cdn/cloudinary.php(673): CloudinaryPlugin->upload_to_cloudinary('3480', true)
#3 /var/www/dailyconf.com/public_html/wp-includes/class-wp-hook.php(286): CloudinaryPlugin->media_lib_upload_action('')
#4 /var/www/dailyconf.com/public_html/wp-includes/class-wp-hook.php(310): WP_H

2018-09-18T10:52:16+00:00 CRITICAL Uncaught Error: Call to undefined function Cloudinary\curl_init() in /var/www/dailyconf.com/public_html/wp-content/plugins/cloudinary-image-management-and-manipulation-in-the-cloud-cdn/lib/Uploader.php:346
Stack trace:
#0 /var/www/dailyconf.com/public_html/wp-content/plugins/cloudinary-image-management-and-manipulation-in-the-cloud-cdn/lib/Uploader.php(91): Cloudinary\Uploader::call_api('upload', Array, Array, '/var/www/dailyc...')
#1 /var/www/dailyconf.com/public_html/wp-content/plugins/cloudinary-image-management-and-manipulation-in-the-cloud-cdn/cloudinary.php(633): Cloudinary\Uploader::upload('/var/www/dailyc...', Array)
#2 /var/www/dailyconf.com/public_html/wp-content/plugins/cloudinary-image-management-and-manipulation-in-the-cloud-cdn/cloudinary.php(673): CloudinaryPlugin->upload_to_cloudinary('3497', true)
#3 /var/www/dailyconf.com/public_html/wp-includes/class-wp-hook.php(286): CloudinaryPlugin->media_lib_upload_action('')
#4 /var/www/dailyconf.com/public_html/wp-includes/class-wp-hook.php(310): WP_H

2018-09-18T11:10:54+00:00 CRITICAL Uncaught Error: Call to undefined function Cloudinary\curl_init() in /var/www/dailyconf.com/public_html/wp-content/plugins/cloudinary-image-management-and-manipulation-in-the-cloud-cdn/lib/Uploader.php:346
Stack trace:
#0 /var/www/dailyconf.com/public_html/wp-content/plugins/cloudinary-image-management-and-manipulation-in-the-cloud-cdn/lib/Uploader.php(91): Cloudinary\Uploader::call_api('upload', Array, Array, '/var/www/dailyc...')
#1 /var/www/dailyconf.com/public_html/wp-content/plugins/cloudinary-image-management-and-manipulation-in-the-cloud-cdn/cloudinary.php(633): Cloudinary\Uploader::upload('/var/www/dailyc...', Array)
#2 /var/www/dailyconf.com/public_html/wp-content/plugins/cloudinary-image-management-and-manipulation-in-the-cloud-cdn/cloudinary.php(673): CloudinaryPlugin->upload_to_cloudinary('3497', true)
#3 /var/www/dailyconf.com/public_html/wp-includes/class-wp-hook.php(286): CloudinaryPlugin->media_lib_upload_action('')
#4 /var/www/dailyconf.com/public_html/wp-includes/class-wp-hook.php(310): WP_H

2018-09-18T11:10:57+00:00 CRITICAL Uncaught Error: Call to undefined function Cloudinary\curl_init() in /var/www/dailyconf.com/public_html/wp-content/plugins/cloudinary-image-management-and-manipulation-in-the-cloud-cdn/lib/Uploader.php:346
Stack trace:
#0 /var/www/dailyconf.com/public_html/wp-content/plugins/cloudinary-image-management-and-manipulation-in-the-cloud-cdn/lib/Uploader.php(91): Cloudinary\Uploader::call_api('upload', Array, Array, '/var/www/dailyc...')
#1 /var/www/dailyconf.com/public_html/wp-content/plugins/cloudinary-image-management-and-manipulation-in-the-cloud-cdn/cloudinary.php(633): Cloudinary\Uploader::upload('/var/www/dailyc...', Array)
#2 /var/www/dailyconf.com/public_html/wp-content/plugins/cloudinary-image-management-and-manipulation-in-the-cloud-cdn/cloudinary.php(673): CloudinaryPlugin->upload_to_cloudinary('3497', true)
#3 /var/www/dailyconf.com/public_html/wp-includes/class-wp-hook.php(286): CloudinaryPlugin->media_lib_upload_action('')
#4 /var/www/dailyconf.com/public_html/wp-includes/class-wp-hook.php(310): WP_H

2018-09-18T11:12:31+00:00 CRITICAL Uncaught Error: Call to undefined function Cloudinary\curl_init() in /var/www/dailyconf.com/public_html/wp-content/plugins/cloudinary-image-management-and-manipulation-in-the-cloud-cdn/lib/Uploader.php:346
Stack trace:
#0 /var/www/dailyconf.com/public_html/wp-content/plugins/cloudinary-image-management-and-manipulation-in-the-cloud-cdn/lib/Uploader.php(91): Cloudinary\Uploader::call_api('upload', Array, Array, '/var/www/dailyc...')
#1 /var/www/dailyconf.com/public_html/wp-content/plugins/cloudinary-image-management-and-manipulation-in-the-cloud-cdn/cloudinary.php(633): Cloudinary\Uploader::upload('/var/www/dailyc...', Array)
#2 /var/www/dailyconf.com/public_html/wp-content/plugins/cloudinary-image-management-and-manipulation-in-the-cloud-cdn/cloudinary.php(673): CloudinaryPlugin->upload_to_cloudinary('3497', true)
#3 /var/www/dailyconf.com/public_html/wp-includes/class-wp-hook.php(286): CloudinaryPlugin->media_lib_upload_action('')
#4 /var/www/dailyconf.com/public_html/wp-includes/class-wp-hook.php(310): WP_H

2018-09-18T11:12:36+00:00 CRITICAL Uncaught Error: Call to undefined function Cloudinary\curl_init() in /var/www/dailyconf.com/public_html/wp-content/plugins/cloudinary-image-management-and-manipulation-in-the-cloud-cdn/lib/Uploader.php:346
Stack trace:
#0 /var/www/dailyconf.com/public_html/wp-content/plugins/cloudinary-image-management-and-manipulation-in-the-cloud-cdn/lib/Uploader.php(91): Cloudinary\Uploader::call_api('upload', Array, Array, '/var/www/dailyc...')
#1 /var/www/dailyconf.com/public_html/wp-content/plugins/cloudinary-image-management-and-manipulation-in-the-cloud-cdn/cloudinary.php(633): Cloudinary\Uploader::upload('/var/www/dailyc...', Array)
#2 /var/www/dailyconf.com/public_html/wp-content/plugins/cloudinary-image-management-and-manipulation-in-the-cloud-cdn/cloudinary.php(673): CloudinaryPlugin->upload_to_cloudinary('3486', true)
#3 /var/www/dailyconf.com/public_html/wp-includes/class-wp-hook.php(286): CloudinaryPlugin->media_lib_upload_action('')
#4 /var/www/dailyconf.com/public_html/wp-includes/class-wp-hook.php(310): WP_H

2018-09-18T11:13:08+00:00 CRITICAL Uncaught Error: Call to undefined function Cloudinary\curl_init() in /var/www/dailyconf.com/public_html/wp-content/plugins/cloudinary-image-management-and-manipulation-in-the-cloud-cdn/lib/Uploader.php:346
Stack trace:
#0 /var/www/dailyconf.com/public_html/wp-content/plugins/cloudinary-image-management-and-manipulation-in-the-cloud-cdn/lib/Uploader.php(91): Cloudinary\Uploader::call_api('upload', Array, Array, '/var/www/dailyc...')
#1 /var/www/dailyconf.com/public_html/wp-content/plugins/cloudinary-image-management-and-manipulation-in-the-cloud-cdn/cloudinary.php(633): Cloudinary\Uploader::upload('/var/www/dailyc...', Array)
#2 /var/www/dailyconf.com/public_html/wp-content/plugins/cloudinary-image-management-and-manipulation-in-the-cloud-cdn/cloudinary.php(673): CloudinaryPlugin->upload_to_cloudinary('3477', true)
#3 /var/www/dailyconf.com/public_html/wp-includes/class-wp-hook.php(286): CloudinaryPlugin->media_lib_upload_action('')
#4 /var/www/dailyconf.com/public_html/wp-includes/class-wp-hook.php(310): WP_H

2018-09-18T11:19:47+00:00 CRITICAL Uncaught Error: Call to undefined function Cloudinary\curl_init() in /var/www/dailyconf.com/public_html/wp-content/plugins/cloudinary-image-management-and-manipulation-in-the-cloud-cdn/lib/Uploader.php:346
Stack trace:
#0 /var/www/dailyconf.com/public_html/wp-content/plugins/cloudinary-image-management-and-manipulation-in-the-cloud-cdn/lib/Uploader.php(91): Cloudinary\Uploader::call_api('upload', Array, Array, '/var/www/dailyc...')
#1 /var/www/dailyconf.com/public_html/wp-content/plugins/cloudinary-image-management-and-manipulation-in-the-cloud-cdn/cloudinary.php(633): Cloudinary\Uploader::upload('/var/www/dailyc...', Array)
#2 /var/www/dailyconf.com/public_html/wp-content/plugins/cloudinary-image-management-and-manipulation-in-the-cloud-cdn/cloudinary.php(673): CloudinaryPlugin->upload_to_cloudinary('3497', true)
#3 /var/www/dailyconf.com/public_html/wp-includes/class-wp-hook.php(286): CloudinaryPlugin->media_lib_upload_action('')
#4 /var/www/dailyconf.com/public_html/wp-includes/class-wp-hook.php(310): WP_H

2018-09-18T14:17:20+00:00 CRITICAL Uncaught Error: Call to undefined function Cloudinary\curl_init() in /var/www/dailyconf.com/public_html/wp-content/plugins/cloudinary-image-management-and-manipulation-in-the-cloud-cdn/lib/Uploader.php:346
Stack trace:
#0 /var/www/dailyconf.com/public_html/wp-content/plugins/cloudinary-image-management-and-manipulation-in-the-cloud-cdn/lib/Uploader.php(91): Cloudinary\Uploader::call_api('upload', Array, Array, '/var/www/dailyc...')
#1 /var/www/dailyconf.com/public_html/wp-content/plugins/cloudinary-image-management-and-manipulation-in-the-cloud-cdn/cloudinary.php(633): Cloudinary\Uploader::upload('/var/www/dailyc...', Array)
#2 /var/www/dailyconf.com/public_html/wp-content/plugins/cloudinary-image-management-and-manipulation-in-the-cloud-cdn/cloudinary.php(673): CloudinaryPlugin->upload_to_cloudinary('3497', true)
#3 /var/www/dailyconf.com/public_html/wp-includes/class-wp-hook.php(286): CloudinaryPlugin->media_lib_upload_action('')
#4 /var/www/dailyconf.com/public_html/wp-includes/class-wp-hook.php(310): WP_H

2018-09-18T21:10:56+00:00 CRITICAL Out of memory (allocated 65011712) (tried to allocate 131072 bytes)

