 File has been used for this event: Новая таблица - Лист1 (1).csv
 Type of the imported file: csv
 Revision of the which is used: 1
 Mode of event: Insert
 Total no of records: 79
 Rows handled on each iterations (Based on your server configuration): 1
 File used to import data into: event (event)
[2018-09-03 09:23:49] Message: Inserted event ID: 2891,  Status: publish country: France  Click here to verify - Web View | Admin View 
[2018-09-03 09:23:49] Message: Inserted event ID: 2892,  Status: publish country: Finland  Click here to verify - Web View | Admin View 
[2018-09-03 09:23:50] Message: Inserted event ID: 2893,  Status: publish country: Finland  Click here to verify - Web View | Admin View 
[2018-09-03 09:23:51] Message: Inserted event ID: 2894,  Status: publish country: Finland  Click here to verify - Web View | Admin View 
[2018-09-03 09:23:51] Message: Inserted event ID: 2895,  Status: publish country: Indonesia  Click here to verify - Web View | Admin View 
[2018-09-03 09:23:52] Message: Inserted event ID: 2896,  Status: publish country: Canada  Click here to verify - Web View | Admin View 
[2018-09-03 09:23:53] Message: Inserted event ID: 2897,  Status: publish country: UK  Click here to verify - Web View | Admin View 
[2018-09-03 09:23:53] Message: Inserted event ID: 2898,  Status: publish country: UK  Click here to verify - Web View | Admin View 
[2018-09-03 09:23:54] Message: Inserted event ID: 2899,  Status: publish country: UK  Click here to verify - Web View | Admin View 
[2018-09-03 09:23:54] Message: Inserted event ID: 2900,  Status: publish country: UK  Click here to verify - Web View | Admin View 
[2018-09-03 09:23:55] Message: Inserted event ID: 2901,  Status: publish country: Japan  Click here to verify - Web View | Admin View 
[2018-09-03 09:23:55] Message: Inserted event ID: 2902,  Status: publish country: Spain  Click here to verify - Web View | Admin View 
[2018-09-03 09:23:56] Message: Inserted event ID: 2903,  Status: publish country: USA  Click here to verify - Web View | Admin View 
[2018-09-03 09:23:56] Message: Inserted event ID: 2904,  Status: publish country: Canada  Click here to verify - Web View | Admin View 
[2018-09-03 09:23:57] Message: Inserted event ID: 2905,  Status: publish country: Germany  Click here to verify - Web View | Admin View 
[2018-09-03 09:23:58] Message: Inserted event ID: 2906,  Status: publish country: USA  Click here to verify - Web View | Admin View 
[2018-09-03 09:23:58] Message: Inserted event ID: 2907,  Status: publish country: Serbia  Click here to verify - Web View | Admin View 
[2018-09-03 09:23:59] Message: Inserted event ID: 2908,  Status: publish country: UK  Click here to verify - Web View | Admin View 
[2018-09-03 09:23:59] Message: Inserted event ID: 2909,  Status: publish country: USA  Click here to verify - Web View | Admin View 
[2018-09-03 09:24:00] Message: Inserted event ID: 2910,  Status: publish country: Finland  Click here to verify - Web View | Admin View 
[2018-09-03 09:24:00] Message: Inserted event ID: 2911,  Status: publish country: Romania  Click here to verify - Web View | Admin View 
[2018-09-03 09:24:01] Message: Inserted event ID: 2912,  Status: publish country: USA  Click here to verify - Web View | Admin View 
[2018-09-03 09:24:02] Message: Inserted event ID: 2913,  Status: publish country: Czech Republic  Click here to verify - Web View | Admin View 
[2018-09-03 09:24:02] Message: Inserted event ID: 2914,  Status: publish country: Netherlands  Click here to verify - Web View | Admin View 
[2018-09-03 09:24:03] Message: Inserted event ID: 2915,  Status: publish country: USA  Click here to verify - Web View | Admin View 
[2018-09-03 09:24:03] Message: Inserted event ID: 2916,  Status: publish country: Poland   Click here to verify - Web View | Admin View 
[2018-09-03 09:24:04] Message: Inserted event ID: 2917,  Status: publish country: Czech Republic  Click here to verify - Web View | Admin View 
[2018-09-03 09:24:05] Message: Inserted event ID: 2918,  Status: publish country: USA  Click here to verify - Web View | Admin View 
[2018-09-03 09:24:05] Message: Inserted event ID: 2919,  Status: publish country: Egypt  Click here to verify - Web View | Admin View 
[2018-09-03 09:24:06] Message: Inserted event ID: 2920,  Status: publish country: USA  Click here to verify - Web View | Admin View 
[2018-09-03 09:24:07] Message: Inserted event ID: 2921,  Status: publish country: UK  Click here to verify - Web View | Admin View 
[2018-09-03 09:24:07] Message: Inserted event ID: 2922,  Status: publish country: Poland   Click here to verify - Web View | Admin View 
[2018-09-03 09:24:08] Message: Inserted event ID: 2923,  Status: publish country: USA  Click here to verify - Web View | Admin View 
[2018-09-03 09:24:08] Message: Inserted event ID: 2924,  Status: publish country: Russia  Click here to verify - Web View | Admin View 
[2018-09-03 09:24:09] Message: Inserted event ID: 2925,  Status: publish country: Belarus  Click here to verify - Web View | Admin View 
[2018-09-03 09:24:09] Message: Inserted event ID: 2926,  Status: publish country: Finland  Click here to verify - Web View | Admin View 
[2018-09-03 09:24:10] Message: Inserted event ID: 2927,  Status: publish country: Sweden  Click here to verify - Web View | Admin View 
[2018-09-03 09:24:11] Message: Inserted event ID: 2928,  Status: publish country: USA  Click here to verify - Web View | Admin View 
[2018-09-03 09:24:11] Message: Inserted event ID: 2929,  Status: publish country: Germany  Click here to verify - Web View | Admin View 
[2018-09-03 09:24:12] Message: Inserted event ID: 2930,  Status: publish country: France  Click here to verify - Web View | Admin View 
[2018-09-03 09:24:13] Message: Inserted event ID: 2931,  Status: publish country: UK  Click here to verify - Web View | Admin View 
[2018-09-03 09:24:13] Message: Inserted event ID: 2932,  Status: publish country: USA  Click here to verify - Web View | Admin View 
[2018-09-03 09:24:14] Message: Inserted event ID: 2933,  Status: publish country: USA  Click here to verify - Web View | Admin View 
[2018-09-03 09:24:14] Message: Inserted event ID: 2934,  Status: publish country: Greece  Click here to verify - Web View | Admin View 
[2018-09-03 09:24:15] Message: Inserted event ID: 2935,  Status: publish country: Slovenia  Click here to verify - Web View | Admin View 
[2018-09-03 09:24:15] Message: Inserted event ID: 2936,  Status: publish country: France  Click here to verify - Web View | Admin View 
[2018-09-03 09:24:16] Message: Inserted event ID: 2937,  Status: publish country: Singapore  Click here to verify - Web View | Admin View 
[2018-09-03 09:24:17] Message: Inserted event ID: 2938,  Status: publish country: USA  Click here to verify - Web View | Admin View 
[2018-09-03 09:24:17] Message: Inserted event ID: 2939,  Status: publish country: USA  Click here to verify - Web View | Admin View 
[2018-09-03 09:24:18] Message: Inserted event ID: 2940,  Status: publish country: USA  Click here to verify - Web View | Admin View 
[2018-09-03 09:24:18] Message: Inserted event ID: 2941,  Status: publish country: France  Click here to verify - Web View | Admin View 
[2018-09-03 09:24:19] Message: Inserted event ID: 2942,  Status: publish country: USA  Click here to verify - Web View | Admin View 
[2018-09-03 09:24:19] Message: Inserted event ID: 2943,  Status: publish country: USA  Click here to verify - Web View | Admin View 
[2018-09-03 09:24:20] Message: Inserted event ID: 2944,  Status: publish country: United Arab Emirates  Click here to verify - Web View | Admin View 
[2018-09-03 09:24:20] Message: Inserted event ID: 2945,  Status: publish country: USA  Click here to verify - Web View | Admin View 
[2018-09-03 09:24:21] Message: Inserted event ID: 2946,  Status: publish country: Australia  Click here to verify - Web View | Admin View 
[2018-09-03 09:24:22] Message: Inserted event ID: 2947,  Status: publish country: Singapore  Click here to verify - Web View | Admin View 
[2018-09-03 09:24:22] Message: Inserted event ID: 2948,  Status: publish country: Philippines  Click here to verify - Web View | Admin View 
[2018-09-03 09:24:23] Message: Inserted event ID: 2949,  Status: publish country: Canada  Click here to verify - Web View | Admin View 
[2018-09-03 09:24:23] Message: Inserted event ID: 2950,  Status: publish country: Malaysia  Click here to verify - Web View | Admin View 
[2018-09-03 09:24:24] Message: Inserted event ID: 2951,  Status: publish country: Australia  Click here to verify - Web View | Admin View 
[2018-09-03 09:24:24] Message: Inserted event ID: 2952,  Status: publish country: Lithuania  Click here to verify - Web View | Admin View 
[2018-09-03 09:24:25] Message: Inserted event ID: 2953,  Status: publish country: Cyprus  Click here to verify - Web View | Admin View 
[2018-09-03 09:24:25] Message: Inserted event ID: 2954,  Status: publish country: UK  Click here to verify - Web View | Admin View 
[2018-09-03 09:24:26] Message: Inserted event ID: 2955,  Status: publish country: Canada  Click here to verify - Web View | Admin View 
[2018-09-03 09:24:27] Message: Inserted event ID: 2956,  Status: publish country: China  Click here to verify - Web View | Admin View 
[2018-09-03 09:24:27] Message: Inserted event ID: 2957,  Status: publish country: Republic of Korea  Click here to verify - Web View | Admin View 
[2018-09-03 09:24:28] Message: Inserted event ID: 2958,  Status: publish country: Belarus  Click here to verify - Web View | Admin View 
[2018-09-03 09:24:28] Message: Inserted event ID: 2959,  Status: publish country: Republic of Korea  Click here to verify - Web View | Admin View 
[2018-09-03 09:24:29] Message: Inserted event ID: 2960,  Status: publish country: Republic of Korea  Click here to verify - Web View | Admin View 
[2018-09-03 09:24:29] Message: Inserted event ID: 2961,  Status: publish country: USA  Click here to verify - Web View | Admin View 
[2018-09-03 09:24:30] Message: Inserted event ID: 2962,  Status: publish country: Sweden  Click here to verify - Web View | Admin View 
[2018-09-03 09:24:30] Message: Inserted event ID: 2963,  Status: publish country: USA  Click here to verify - Web View | Admin View 
[2018-09-03 09:24:31] Message: Inserted event ID: 2964,  Status: publish country: USA  Click here to verify - Web View | Admin View 
[2018-09-03 09:24:31] Message: Inserted event ID: 2965,  Status: publish country: Japan  Click here to verify - Web View | Admin View 
[2018-09-03 09:24:32] Message: Inserted event ID: 2966,  Status: publish country: Italy  Click here to verify - Web View | Admin View 
[2018-09-03 09:24:32] Message: Inserted event ID: 2967,  Status: publish country: Ukraine  Click here to verify - Web View | Admin View 
[2018-09-03 09:24:33] Message: Inserted event ID: 2968,  Status: publish country: Uk  Click here to verify - Web View | Admin View 
[2018-09-03 09:24:33] Message: Inserted event ID: 2969,  Status: publish country: USA  Click here to verify - Web View | Admin View 
